<?xml version="1.0" encoding="UTF-8"?>
<!-- Generated by org.testng.reporters.JUnitReportReporter -->
<testsuite hostname="SAM" failures="0" tests="4" name="com.novintix.api.ReqResApiTests" time="6.616" errors="0" timestamp="2025-11-28T19:32:22 IST" skipped="0">
  <testcase classname="com.novintix.api.ReqResApiTests" name="testUpdateUser" time="1.310"/>
  <testcase classname="com.novintix.api.ReqResApiTests" name="testGetUsers" time="0.720"/>
  <testcase classname="com.novintix.api.ReqResApiTests" name="testCreateUser" time="3.669"/>
  <testcase classname="com.novintix.api.ReqResApiTests" name="testDeleteUser" time="0.917"/>
</testsuite> <!-- com.novintix.api.ReqResApiTests -->
